<?xml version="1.0" encoding="UTF-8"?>
<!-- Generated by org.testng.reporters.JUnitXMLReporter -->
<testsuite hostname="DESKTOP-VGA5PH3" ignored="0" name="Default test" tests="18" failures="0" timestamp="2020-05-11T19:16:36 IST" time="0.156" errors="0">
  <testcase name="@BeforeSuite launchBrowser" time="0.104" classname="testsuites.OpenSite">
    <failure type="java.lang.IllegalStateException" message="The path to the driver executable must be set by the webdriver.chrome.driver system property; for more information, see https://github.com/SeleniumHQ/selenium/wiki/ChromeDriver. The latest version can be downloaded from http://chromedriver.storage.googleapis.com/index.html">
      <![CDATA[java.lang.IllegalStateException: The path to the driver executable must be set by the webdriver.chrome.driver system property; for more information, see https://github.com/SeleniumHQ/selenium/wiki/ChromeDriver. The latest version can be downloaded from http://chromedriver.storage.googleapis.com/index.html
at com.google.common.base.Preconditions.checkState(Preconditions.java:847)
at org.openqa.selenium.remote.service.DriverService.findExecutable(DriverService.java:134)
at org.openqa.selenium.chrome.ChromeDriverService.access$000(ChromeDriverService.java:35)
at org.openqa.selenium.chrome.ChromeDriverService$Builder.findDefaultExecutable(ChromeDriverService.java:159)
at org.openqa.selenium.remote.service.DriverService$Builder.build(DriverService.java:355)
at org.openqa.selenium.chrome.ChromeDriverService.createDefaultService(ChromeDriverService.java:94)
at org.openqa.selenium.chrome.ChromeDriver.<init>(ChromeDriver.java:123)
at testsuites.OpenSite.launchBrowser(OpenSite.java:27)
at sun.reflect.NativeMethodAccessorImpl.invoke0(Native Method)
at sun.reflect.NativeMethodAccessorImpl.invoke(Unknown Source)
at sun.reflect.DelegatingMethodAccessorImpl.invoke(Unknown Source)
at java.lang.reflect.Method.invoke(Unknown Source)
at org.testng.internal.MethodInvocationHelper.invokeMethod(MethodInvocationHelper.java:133)
at org.testng.internal.MethodInvocationHelper.invokeMethodConsideringTimeout(MethodInvocationHelper.java:62)
at org.testng.internal.ConfigInvoker.invokeConfigurationMethod(ConfigInvoker.java:340)
at org.testng.internal.ConfigInvoker.invokeConfigurations(ConfigInvoker.java:294)
at org.testng.SuiteRunner.privateRun(SuiteRunner.java:345)
at org.testng.SuiteRunner.run(SuiteRunner.java:304)
at org.testng.SuiteRunnerWorker.runSuite(SuiteRunnerWorker.java:53)
at org.testng.SuiteRunnerWorker.run(SuiteRunnerWorker.java:96)
at org.testng.TestNG.runSuitesSequentially(TestNG.java:1180)
at org.testng.TestNG.runSuitesLocally(TestNG.java:1102)
at org.testng.TestNG.runSuites(TestNG.java:1032)
at org.testng.TestNG.run(TestNG.java:1000)
at org.testng.remote.AbstractRemoteTestNG.run(AbstractRemoteTestNG.java:115)
at org.testng.remote.RemoteTestNG.initAndRun(RemoteTestNG.java:251)
at org.testng.remote.RemoteTestNG.main(RemoteTestNG.java:77)
]]>
    </failure>
  </testcase> <!-- @BeforeSuite launchBrowser -->
  <testcase name="login" time="0.0" classname="login.Login">
    <skipped/>
  </testcase> <!-- login -->
  <testcase name="JobIcons" time="0.0" classname="admin.Job">
    <skipped/>
  </testcase> <!-- JobIcons -->
  <testcase name="login" time="0.0" classname="leave.Configure">
    <skipped/>
  </testcase> <!-- login -->
  <testcase name="trackers" time="0.0" classname="performance.Trackers">
    <skipped/>
  </testcase> <!-- trackers -->
  <testcase name="reportMod" time="0.0" classname="pimmodule.Reports">
    <skipped/>
  </testcase> <!-- reportMod -->
  <testcase name="NatIcons" time="0.0" classname="admin.Nationality">
    <skipped/>
  </testcase> <!-- NatIcons -->
  <testcase name="qualIcons" time="0.0" classname="admin.Qualification">
    <skipped/>
  </testcase> <!-- qualIcons -->
  <testcase name="addUser" time="0.0" classname="admin.AddUser">
    <skipped/>
  </testcase> <!-- addUser -->
  <testcase name="leaveRep" time="0.0" classname="leave.Leavereports">
    <skipped/>
  </testcase> <!-- leaveRep -->
  <testcase name="Organize" time="0.0" classname="admin.Organization">
    <skipped/>
  </testcase> <!-- Organize -->
  <testcase name="configMod" time="0.0" classname="pimmodule.Configuration">
    <skipped/>
  </testcase> <!-- configMod -->
  <testcase name="leaveList" time="0.0" classname="leave.Leavelist">
    <skipped/>
  </testcase> <!-- leaveList -->
  <testcase name="assLeave" time="0.0" classname="leave.Assignleave">
    <skipped/>
  </testcase> <!-- assLeave -->
  <testcase name="manageReviews" time="0.0" classname="performance.ManageReviews">
    <skipped/>
  </testcase> <!-- manageReviews -->
  <testcase name="candidateDetails" time="0.0" classname="recruitment.Candidates">
    <skipped/>
  </testcase> <!-- candidateDetails -->
  <testcase name="entIcon" time="0.0" classname="leave.Entitlements">
    <skipped/>
  </testcase> <!-- entIcon -->
  <testcase name="vacancies" time="0.0" classname="recruitment.Vacancies">
    <skipped/>
  </testcase> <!-- vacancies -->
  <testcase name="kpi" time="0.0" classname="performance.KPI">
    <skipped/>
  </testcase> <!-- kpi -->
</testsuite> <!-- Default test -->
